<?xml version="1.0" encoding="UTF-8"?>
<!-- Generated by org.testng.reporters.JUnitReportReporter -->
<testsuite hostname="LAPTOP-PJLE7QB8" failures="0" tests="32" name="Parameteization.TestParameterization" time="0.068" errors="0" timestamp="2020-06-24T10:09:49 EDT" skipped="0">
  <testcase classname="Parameteization.TestParameterization" name="getLogin" time="0.001"/>
  <system-out/>
  <testcase classname="Parameteization.TestParameterization" name="getLogin" time="0.003"/>
  <system-out/>
  <testcase classname="Parameteization.TestParameterization" name="getLogin" time="0.004"/>
  <system-out/>
  <testcase classname="Parameteization.TestParameterization" name="getLogin" time="0.003"/>
  <system-out/>
  <testcase classname="Parameteization.TestParameterization" name="getLogin" time="0.001"/>
  <system-out/>
  <testcase classname="Parameteization.TestParameterization" name="getLogin" time="0.001"/>
  <system-out/>
  <testcase classname="Parameteization.TestParameterization" name="getLogin" time="0.002"/>
  <system-out/>
  <testcase classname="Parameteization.TestParameterization" name="getLogin" time="0.007"/>
  <system-out/>
  <testcase classname="Parameteization.TestParameterization" name="getLogin" time="0.005"/>
  <system-out/>
  <testcase classname="Parameteization.TestParameterization" name="getLogin" time="0.002"/>
  <system-out/>
  <testcase classname="Parameteization.TestParameterization" name="getLogin" time="0.001"/>
  <system-out/>
  <testcase classname="Parameteization.TestParameterization" name="getLogin" time="0.001"/>
  <system-out/>
  <testcase classname="Parameteization.TestParameterization" name="getLogin" time="0.003"/>
  <system-out/>
  <testcase classname="Parameteization.TestParameterization" name="getLogin" time="0.002"/>
  <system-out/>
  <testcase classname="Parameteization.TestParameterization" name="getLogin" time="0.002"/>
  <system-out/>
  <testcase classname="Parameteization.TestParameterization" name="getLogin" time="0.001"/>
  <system-out/>
  <testcase classname="Parameteization.TestParameterization" name="getLogin" time="0.001"/>
  <system-out/>
  <testcase classname="Parameteization.TestParameterization" name="getLogin" time="0.005"/>
  <system-out/>
  <testcase classname="Parameteization.TestParameterization" name="getLogin" time="0.001"/>
  <system-out/>
  <testcase classname="Parameteization.TestParameterization" name="getLogin" time="0.001"/>
  <system-out/>
  <testcase classname="Parameteization.TestParameterization" name="getLogin" time="0.007"/>
  <system-out/>
  <testcase classname="Parameteization.TestParameterization" name="getLogin" time="0.002"/>
  <system-out/>
  <testcase classname="Parameteization.TestParameterization" name="getLogin" time="0.001"/>
  <system-out/>
  <testcase classname="Parameteization.TestParameterization" name="getLogin" time="0.001"/>
  <system-out/>
  <testcase classname="Parameteization.TestParameterization" name="getLogin" time="0.001"/>
  <system-out/>
  <testcase classname="Parameteization.TestParameterization" name="getLogin" time="0.003"/>
  <system-out/>
  <testcase classname="Parameteization.TestParameterization" name="getLogin" time="0.001"/>
  <system-out/>
  <testcase classname="Parameteization.TestParameterization" name="getLogin" time="0.001"/>
  <system-out/>
  <testcase classname="Parameteization.TestParameterization" name="getLogin" time="0.001"/>
  <system-out/>
  <testcase classname="Parameteization.TestParameterization" name="getLogin" time="0.001"/>
  <system-out/>
  <testcase classname="Parameteization.TestParameterization" name="getLogin" time="0.001"/>
  <system-out/>
  <testcase classname="Parameteization.TestParameterization" name="getLogin" time="0.001"/>
  <system-out/>
</testsuite> <!-- Parameteization.TestParameterization -->
