<?xml version="1.0" encoding="UTF-8"?>
<!-- Generated by org.testng.reporters.JUnitReportReporter -->
<testsuite hostname="LAPTOP-PJLE7QB8" failures="0" tests="1" name="expediatest.BaseExpedia" time="17.567" errors="0" timestamp="2020-06-24T11:10:28 EDT" skipped="0">
  <testcase classname="expediatest.BaseExpedia" name="expediahome" time="17.567"/>
  <system-out/>
</testsuite> <!-- expediatest.BaseExpedia -->
