<?xml version="1.0" encoding="UTF-8"?>
<!-- Generated by org.testng.reporters.JUnitReportReporter -->
<testsuite hostname="LAPTOP-PJLE7QB8" failures="0" tests="2" name="expediatest.expediaElement" time="17.804" errors="0" timestamp="2020-06-24T11:10:28 EDT" skipped="0">
  <testcase classname="expediatest.expediaElement" name="exElement" time="4.786"/>
  <system-out/>
  <testcase classname="expediatest.expediaElement" name="expediahome" time="13.018"/>
  <system-out/>
</testsuite> <!-- expediatest.expediaElement -->
