<?xml version="1.0" encoding="UTF-8"?>
<!-- Generated by org.testng.reporters.JUnitReportReporter -->
<testsuite hostname="LAPTOP-PJLE7QB8" failures="0" tests="1" name="Parameteization.TestParameterizationExcel" time="0.000" errors="0" timestamp="2020-06-24T10:09:49 EDT" skipped="1">
  <testcase classname="Parameteization.TestParameterizationExcel" name="testData" time="0.000">
    <skipped/>
  </testcase> <!-- testData -->
  <system-out/>
</testsuite> <!-- Parameteization.TestParameterizationExcel -->
