<?xml version="1.0" encoding="UTF-8"?>
<!-- Generated by org.testng.reporters.JUnitReportReporter -->
<testsuite hostname="LAPTOP-PJLE7QB8" failures="0" tests="2" name="RegressionTest.BaseExpedia" time="32.358" errors="0" timestamp="2020-06-24T10:09:49 EDT" skipped="0">
  <testcase classname="RegressionTest.BaseExpedia" name="expediahome" time="16.027"/>
  <system-out/>
  <testcase classname="RegressionTest.BaseExpedia" name="expediahome" time="16.331"/>
  <system-out/>
</testsuite> <!-- RegressionTest.BaseExpedia -->
