<?xml version="1.0" encoding="UTF-8"?>
<!-- Generated by org.testng.reporters.JUnitReportReporter -->
<testsuite hostname="LAPTOP-PJLE7QB8" failures="0" tests="4" name="RegressionTest.CheckBox" time="59.050" errors="0" timestamp="2020-06-24T10:09:49 EDT" skipped="0">
  <testcase classname="RegressionTest.CheckBox" name="expediahome" time="21.540"/>
  <system-out/>
  <testcase classname="RegressionTest.CheckBox" name="box" time="11.117"/>
  <system-out/>
  <testcase classname="RegressionTest.CheckBox" name="expediahome" time="20.086"/>
  <system-out/>
  <testcase classname="RegressionTest.CheckBox" name="box" time="6.307"/>
  <system-out/>
</testsuite> <!-- RegressionTest.CheckBox -->
