<?xml version="1.0" encoding="UTF-8"?>
<!-- Generated by org.testng.reporters.JUnitReportReporter -->
<testsuite hostname="LAPTOP-PJLE7QB8" failures="0" tests="2" name="expediatest.CheckBox" time="30.095" errors="0" timestamp="2020-06-24T11:10:28 EDT" skipped="0">
  <testcase classname="expediatest.CheckBox" name="box" time="9.286"/>
  <system-out/>
  <testcase classname="expediatest.CheckBox" name="expediahome" time="20.809"/>
  <system-out/>
</testsuite> <!-- expediatest.CheckBox -->
